23-08-2023 10:58:26	This log contains information about the import schema operation into project 'SdbProject' on computer 'DESKTOP-DA44SDH' by user 'Admin'.
23-08-2023 10:58:26	Import of database schema has started.
23-08-2023 10:58:32	Gathering database credentials
23-08-2023 10:58:32	Gathering database options
23-08-2023 10:58:32	Gathering generic database scoped configuration option
23-08-2023 10:58:32	Gathering users
23-08-2023 10:58:32	Gathering roles
23-08-2023 10:58:32	Gathering application roles
23-08-2023 10:58:32	Gathering role memberships
23-08-2023 10:58:32	Gathering filegroups
23-08-2023 10:58:32	Gathering full-text catalogs
23-08-2023 10:58:32	Gathering assemblies
23-08-2023 10:58:32	Gathering certificates
23-08-2023 10:58:32	Gathering asymmetric keys
23-08-2023 10:58:32	Gathering symmetric keys
23-08-2023 10:58:32	Gathering encrypted symmetric keys
23-08-2023 10:58:32	Gathering schemas
23-08-2023 10:58:32	Gathering XML schema collections
23-08-2023 10:58:32	Gathering user-defined data types
23-08-2023 10:58:32	Gathering user-defined types
23-08-2023 10:58:32	Gathering table types
23-08-2023 10:58:32	Gathering unique keys for table types
23-08-2023 10:58:32	Gathering primary keys for table types
23-08-2023 10:58:32	Gathering indexes for table types
23-08-2023 10:58:32	Gathering check constraints for table types
23-08-2023 10:58:32	Gathering default constraints for table types
23-08-2023 10:58:32	Gathering partition functions
23-08-2023 10:58:32	Gathering partition schemes
23-08-2023 10:58:32	Gathering functions
23-08-2023 10:58:32	Gathering encrypted functions
23-08-2023 10:58:32	Gathering aggregates
23-08-2023 10:58:32	Gathering procedures
23-08-2023 10:58:32	Gathering encrypted procedures
23-08-2023 10:58:32	Gathering tables
23-08-2023 10:58:32	Gathering primary keys
23-08-2023 10:58:32	Gathering unique constraints
23-08-2023 10:58:32	Gathering foreign keys
23-08-2023 10:58:32	Gathering default constraints
23-08-2023 10:58:32	Gathering check constraints
23-08-2023 10:58:32	Gathering views
23-08-2023 10:58:32	Gathering encrypted views
23-08-2023 10:58:32	Gathering indexes
23-08-2023 10:58:32	Gathering statistics
23-08-2023 10:58:32	Gathering full-text index stoplists
23-08-2023 10:58:32	Gathering search property lists
23-08-2023 10:58:32	Gathering search properties
23-08-2023 10:58:32	Gathering full-text indexes
23-08-2023 10:58:32	Gathering column store indexes
23-08-2023 10:58:32	Gathering spatial indexes
23-08-2023 10:58:33	Gathering XML indexes
23-08-2023 10:58:33	Gathering Selective XML indexes
23-08-2023 10:58:33	Gathering encrypted triggers
23-08-2023 10:58:33	Gathering triggers
23-08-2023 10:58:33	Gathering encrypted and clr ddl triggers
23-08-2023 10:58:33	Gathering ddl triggers
23-08-2023 10:58:33	Creating edge constraints
23-08-2023 10:58:33	Gathering synonyms
23-08-2023 10:58:33	Gathering defaults
23-08-2023 10:58:33	Gathering data constraint uddt bindings
23-08-2023 10:58:33	Gathering rules
23-08-2023 10:58:33	Gathering data constraint uddt bindings
23-08-2023 10:58:33	Gathering message types
23-08-2023 10:58:33	Gathering queues
23-08-2023 10:58:33	Gathering contracts
23-08-2023 10:58:33	Gathering services
23-08-2023 10:58:33	Gathering event notifications
23-08-2023 10:58:33	Gathering remote service bindings
23-08-2023 10:58:33	Gathering broker priorities
23-08-2023 10:58:33	Gathering signatures
23-08-2023 10:58:33	Gathering compression options
23-08-2023 10:58:33	Gathering sequence types
23-08-2023 10:58:33	Gathering security policies
23-08-2023 10:58:33	Gather column encryption keys
23-08-2023 10:58:33	Gathering column master keys
23-08-2023 10:58:33	Gathering external data sources
23-08-2023 10:58:33	Gathering external file formats
23-08-2023 10:58:33	Gathering external tables
23-08-2023 10:58:33	Gathering XML index compression options
23-08-2023 10:58:33	Gathering extended properties
23-08-2023 10:58:34	Gathering assemblies
23-08-2023 10:58:34	Gathering credentials
23-08-2023 10:58:34	Gathering logins
23-08-2023 10:58:34	Gathering server audits
23-08-2023 10:58:34	Scanning project for duplicate elements
23-08-2023 10:58:34	Finished duplicate element processing
23-08-2023 10:58:34	Finished importing database.
23-08-2023 10:58:34	A summary of the import was saved to the following location: C:\Users\Admin\source\repos\SdbProject\SdbProject\Import Schema Logs\SdbProject_20230823052826.log
23-08-2023 10:58:34	Click Finish to continue...
